{"level":"\u001b[32minfo\u001b[39m","message":"{\"method\":\"GET\",\"url\":\"/api/users\",\"status\":\"401\",\"responseTime\":\"3.411\"}","timestamp":"2025-01-24T09:57:29.486Z"}
{"level":"\u001b[32minfo\u001b[39m","message":"{\"method\":\"GET\",\"url\":\"/api/users\",\"status\":\"401\",\"responseTime\":\"6.687\"}","timestamp":"2025-01-24T10:00:03.767Z"}
{"level":"\u001b[32minfo\u001b[39m","message":"{\"method\":\"POST\",\"url\":\"/api/users\",\"status\":\"500\",\"responseTime\":\"162.203\"}","timestamp":"2025-01-24T10:07:39.685Z"}
{"level":"\u001b[32minfo\u001b[39m","message":"{\"method\":\"POST\",\"url\":\"/api/users\",\"status\":\"500\",\"responseTime\":\"15.969\"}","timestamp":"2025-01-24T10:08:26.327Z"}
{"level":"\u001b[32minfo\u001b[39m","message":"{\"method\":\"POST\",\"url\":\"/api/users\",\"status\":\"500\",\"responseTime\":\"18.256\"}","timestamp":"2025-01-24T10:09:11.053Z"}
{"level":"\u001b[32minfo\u001b[39m","message":"{\"method\":\"GET\",\"url\":\"/api/users\",\"status\":\"401\",\"responseTime\":\"1.363\"}","timestamp":"2025-01-24T10:10:09.082Z"}
{"level":"\u001b[32minfo\u001b[39m","message":"{\"method\":\"POST\",\"url\":\"/api/users\",\"status\":\"500\",\"responseTime\":\"18.777\"}","timestamp":"2025-01-24T10:11:46.014Z"}
{"level":"\u001b[32minfo\u001b[39m","message":"{\"method\":\"POST\",\"url\":\"/api/users\",\"status\":\"500\",\"responseTime\":\"41.670\"}","timestamp":"2025-01-24T10:13:18.890Z"}
{"level":"\u001b[32minfo\u001b[39m","message":"{\"method\":\"GET\",\"url\":\"/api/users\",\"status\":\"401\",\"responseTime\":\"3.377\"}","timestamp":"2025-01-24T10:15:16.902Z"}
{"level":"\u001b[32minfo\u001b[39m","message":"{\"method\":\"GET\",\"url\":\"/api/users\",\"status\":\"401\",\"responseTime\":\"8.191\"}","timestamp":"2025-01-24T10:20:56.444Z"}
{"level":"\u001b[32minfo\u001b[39m","message":"{\"method\":\"GET\",\"url\":\"/api/users\",\"status\":\"401\",\"responseTime\":\"3.363\"}","timestamp":"2025-01-24T10:21:29.397Z"}
{"level":"\u001b[32minfo\u001b[39m","message":"{\"method\":\"GET\",\"url\":\"/api/users\",\"status\":\"200\",\"responseTime\":\"67.704\"}","timestamp":"2025-01-24T14:37:17.189Z"}
{"level":"\u001b[32minfo\u001b[39m","message":"{\"method\":\"PATCH\",\"url\":\"/api/users\",\"status\":\"404\",\"responseTime\":\"2.845\"}","timestamp":"2025-01-24T14:37:46.649Z"}
{"level":"\u001b[32minfo\u001b[39m","message":"{\"method\":\"DELETE\",\"url\":\"/api/users\",\"status\":\"404\",\"responseTime\":\"1.103\"}","timestamp":"2025-01-24T14:38:27.738Z"}
{"level":"\u001b[32minfo\u001b[39m","message":"{\"method\":\"GET\",\"url\":\"/api/users/2\",\"status\":\"500\",\"responseTime\":\"39.559\"}","timestamp":"2025-01-24T14:38:37.942Z"}
{"level":"\u001b[32minfo\u001b[39m","message":"{\"method\":\"GET\",\"url\":\"/api/users/2\",\"status\":\"200\",\"responseTime\":\"32.624\"}","timestamp":"2025-01-24T14:39:01.574Z"}
{"level":"\u001b[32minfo\u001b[39m","message":"{\"method\":\"GET\",\"url\":\"/api/users/20\",\"status\":\"200\",\"responseTime\":\"16.916\"}","timestamp":"2025-01-24T14:40:57.177Z"}
{"level":"\u001b[32minfo\u001b[39m","message":"{\"method\":\"PATCH\",\"url\":\"/api/users/20\",\"status\":\"500\",\"responseTime\":\"32.954\"}","timestamp":"2025-01-24T14:41:14.251Z"}
{"level":"\u001b[32minfo\u001b[39m","message":"{\"method\":\"PATCH\",\"url\":\"/api/users/20\",\"status\":\"500\",\"responseTime\":\"113.438\"}","timestamp":"2025-01-24T14:41:37.632Z"}
{"level":"\u001b[32minfo\u001b[39m","message":"{\"method\":\"PUT\",\"url\":\"/api/users/20\",\"status\":\"404\",\"responseTime\":\"14.084\"}","timestamp":"2025-01-24T14:46:45.921Z"}
{"level":"\u001b[32minfo\u001b[39m","message":"{\"method\":\"PATCH\",\"url\":\"/api/users/20\",\"status\":\"500\",\"responseTime\":\"144.876\"}","timestamp":"2025-01-24T14:46:51.753Z"}
{"level":"\u001b[32minfo\u001b[39m","message":"{\"method\":\"POST\",\"url\":\"/api/users\",\"status\":\"500\",\"responseTime\":\"65.473\"}","timestamp":"2025-01-24T14:53:25.048Z"}
{"level":"\u001b[32minfo\u001b[39m","message":"{\"method\":\"POST\",\"url\":\"/auth/register\",\"status\":\"500\",\"responseTime\":\"2.977\"}","timestamp":"2025-01-25T17:30:40.977Z"}
{"level":"\u001b[32minfo\u001b[39m","message":"{\"method\":\"POST\",\"url\":\"/auth/register\",\"status\":\"400\",\"responseTime\":\"9.007\"}","timestamp":"2025-01-25T18:10:08.669Z"}
{"level":"\u001b[32minfo\u001b[39m","message":"{\"method\":\"POST\",\"url\":\"/auth/register?hoai_nam&stghoainam4002@gmail.com&hoainam11122004\",\"status\":\"400\",\"responseTime\":\"0.908\"}","timestamp":"2025-01-25T18:10:49.780Z"}
{"level":"\u001b[32minfo\u001b[39m","message":"{\"method\":\"POST\",\"url\":\"/auth/register?hoai_nam&stghoainam4002@gmail.com&hoainam11122004\",\"status\":\"400\",\"responseTime\":\"10.364\"}","timestamp":"2025-01-25T18:11:07.865Z"}
{"level":"\u001b[32minfo\u001b[39m","message":"{\"method\":\"POST\",\"url\":\"/auth/register?hoai_nam&stghoainam4002@gmail.com&hoainam11122004\",\"status\":\"400\",\"responseTime\":\"2.802\"}","timestamp":"2025-01-25T18:13:28.372Z"}
{"level":"\u001b[32minfo\u001b[39m","message":"{\"method\":\"POST\",\"url\":\"/auth/register?name=hoaiNam&email=stghoainam4002@gmail.com&password=hoainam11122004\",\"status\":\"400\",\"responseTime\":\"0.636\"}","timestamp":"2025-01-25T18:14:07.244Z"}
{"level":"\u001b[32minfo\u001b[39m","message":"{\"method\":\"POST\",\"url\":\"/auth/register?name=hoaiNam&email=stghoainam4002@gmail.com&password=hoainam11122004\",\"status\":\"400\",\"responseTime\":\"1.482\"}","timestamp":"2025-01-25T18:14:33.106Z"}
{"level":"\u001b[32minfo\u001b[39m","message":"{\"method\":\"POST\",\"url\":\"/auth/register?name=hoaiNam&email=stghoainam4002@gmail.com&password=hoainam11122004\",\"status\":\"400\",\"responseTime\":\"6.434\"}","timestamp":"2025-01-25T18:15:26.501Z"}
{"level":"\u001b[32minfo\u001b[39m","message":"{\"method\":\"POST\",\"url\":\"/auth/register?name=hoaiNam&email=stghoainam4002@gmail.com&password=hoainam11122004\",\"status\":\"400\",\"responseTime\":\"0.893\"}","timestamp":"2025-01-25T18:16:12.594Z"}
{"level":"\u001b[32minfo\u001b[39m","message":"{\"method\":\"POST\",\"url\":\"/auth/register?name=hoaiNam&email=stghoainam4002@gmail.com&password=hoainam11122004\",\"status\":\"400\",\"responseTime\":\"29.485\"}","timestamp":"2025-01-25T18:19:07.743Z"}
{"level":"\u001b[32minfo\u001b[39m","message":"{\"method\":\"POST\",\"url\":\"/auth/register?username=hoaiNam&email=stghoainam4002@gmail.com&password=hoainam11122004\",\"status\":\"400\",\"responseTime\":\"13.112\"}","timestamp":"2025-01-25T18:19:35.359Z"}
{"level":"\u001b[32minfo\u001b[39m","message":"{\"method\":\"POST\",\"url\":\"/auth/register?name=hoaiNam&email=stghoainam4002@gmail.com&password=hoainam11122004\",\"status\":\"500\",\"responseTime\":\"230.593\"}","timestamp":"2025-01-25T18:22:25.180Z"}
{"level":"\u001b[32minfo\u001b[39m","message":"{\"method\":\"POST\",\"url\":\"/auth/register?name=hoaiNam&email=stghoainam4002@gmail.com&password=hoainam11122004\",\"status\":\"500\",\"responseTime\":\"43.575\"}","timestamp":"2025-01-25T18:23:22.245Z"}
{"level":"\u001b[32minfo\u001b[39m","message":"{\"method\":\"POST\",\"url\":\"/auth/register?name=hoaiNam&email=stghoainam4002@gmail.com&password=hoainam11122004\",\"status\":\"500\",\"responseTime\":\"93.292\"}","timestamp":"2025-01-25T18:27:08.348Z"}
{"level":"\u001b[32minfo\u001b[39m","message":"{\"method\":\"POST\",\"url\":\"/auth/register\",\"status\":\"500\",\"responseTime\":\"9.464\"}","timestamp":"2025-01-25T18:27:22.086Z"}
{"level":"\u001b[32minfo\u001b[39m","message":"{\"method\":\"POST\",\"url\":\"/auth/register\",\"status\":\"201\",\"responseTime\":\"53.639\"}","timestamp":"2025-01-25T18:27:53.967Z"}
{"level":"\u001b[32minfo\u001b[39m","message":"{\"method\":\"POST\",\"url\":\"/auth/register?id=2&username=Sapporro&email=sapporro@gmail.com&password=sapporro123\",\"status\":\"500\",\"responseTime\":\"39.846\"}","timestamp":"2025-01-25T18:29:10.145Z"}
{"level":"\u001b[32minfo\u001b[39m","message":"{\"method\":\"POST\",\"url\":\"/auth/register?id=2&username=Sapporro&email=sapporro@gmail.com&password=sapporro123\",\"status\":\"500\",\"responseTime\":\"2.616\"}","timestamp":"2025-01-25T18:31:25.368Z"}
{"level":"\u001b[32minfo\u001b[39m","message":"{\"method\":\"POST\",\"url\":\"/auth/register?id=2&username=Sapporro&email=sapporro@gmail.com&password=sapporro123\",\"status\":\"500\",\"responseTime\":\"23.016\"}","timestamp":"2025-01-25T18:32:25.893Z"}
{"level":"\u001b[32minfo\u001b[39m","message":"{\"method\":\"POST\",\"url\":\"/auth/register?id=2&username=Sapporro&email=sapporro@gmail.com&password=sapporro123\",\"status\":\"201\",\"responseTime\":\"29.257\"}","timestamp":"2025-01-25T18:33:20.109Z"}
{"level":"\u001b[32minfo\u001b[39m","message":"{\"method\":\"GET\",\"url\":\"/auth\",\"status\":\"500\",\"responseTime\":\"1191.465\"}","timestamp":"2025-01-26T02:28:09.939Z"}
{"level":"\u001b[32minfo\u001b[39m","message":"{\"method\":\"GET\",\"url\":\"/auth\",\"status\":\"500\",\"responseTime\":\"12.888\"}","timestamp":"2025-01-26T02:29:54.464Z"}
{"level":"\u001b[32minfo\u001b[39m","message":"{\"method\":\"POST\",\"url\":\"/auth/login\",\"status\":\"500\",\"responseTime\":\"98.060\"}","timestamp":"2025-01-26T02:36:49.513Z"}
{"level":"\u001b[32minfo\u001b[39m","message":"{\"method\":\"POST\",\"url\":\"/auth/login\",\"status\":\"500\",\"responseTime\":\"11.880\"}","timestamp":"2025-01-26T02:37:31.897Z"}
{"level":"\u001b[32minfo\u001b[39m","message":"{\"method\":\"POST\",\"url\":\"/auth/login?email=stghoainam4002@gmail.com&password=hoainam11122004\",\"status\":\"500\",\"responseTime\":\"11.229\"}","timestamp":"2025-01-26T02:38:02.278Z"}
{"level":"\u001b[32minfo\u001b[39m","message":"{\"method\":\"POST\",\"url\":\"/auth/login?email=stghoainam4002@gmail.com&password=hoainam11122004\",\"status\":\"500\",\"responseTime\":\"110.630\"}","timestamp":"2025-01-26T02:41:06.302Z"}
{"level":"\u001b[32minfo\u001b[39m","message":"{\"method\":\"POST\",\"url\":\"/auth/login?email=stghoainam4002@gmail.com&password=hoainam11122004\",\"status\":\"500\",\"responseTime\":\"19.143\"}","timestamp":"2025-01-26T02:41:14.343Z"}
{"level":"\u001b[32minfo\u001b[39m","message":"{\"method\":\"POST\",\"url\":\"/auth/login\",\"status\":\"500\",\"responseTime\":\"18.392\"}","timestamp":"2025-01-26T02:42:20.416Z"}
{"level":"\u001b[32minfo\u001b[39m","message":"{\"method\":\"GET\",\"url\":\"/auth\",\"status\":\"500\",\"responseTime\":\"25.017\"}","timestamp":"2025-01-26T02:44:05.730Z"}
{"level":"\u001b[32minfo\u001b[39m","message":"{\"method\":\"GET\",\"url\":\"/auth\",\"status\":\"500\",\"responseTime\":\"170.177\"}","timestamp":"2025-01-26T02:44:59.376Z"}
{"level":"\u001b[32minfo\u001b[39m","message":"{\"method\":\"GET\",\"url\":\"/auth\",\"status\":\"500\",\"responseTime\":\"41.987\"}","timestamp":"2025-01-26T02:46:40.157Z"}
{"level":"\u001b[32minfo\u001b[39m","message":"{\"method\":\"GET\",\"url\":\"/auth\",\"status\":\"500\",\"responseTime\":\"92.938\"}","timestamp":"2025-01-26T02:47:06.600Z"}
{"level":"\u001b[32minfo\u001b[39m","message":"{\"method\":\"GET\",\"url\":\"/auth\",\"status\":\"500\",\"responseTime\":\"55.085\"}","timestamp":"2025-01-26T02:47:26.022Z"}
{"level":"\u001b[32minfo\u001b[39m","message":"{\"method\":\"GET\",\"url\":\"/auth\",\"status\":\"500\",\"responseTime\":\"39.905\"}","timestamp":"2025-01-26T02:47:37.055Z"}
{"level":"\u001b[32minfo\u001b[39m","message":"{\"method\":\"POST\",\"url\":\"/auth/login?email=sappporro@gmail.com&password=sapporro123\",\"status\":\"400\",\"responseTime\":\"7.771\"}","timestamp":"2025-01-26T02:54:22.729Z"}
{"level":"\u001b[32minfo\u001b[39m","message":"{\"method\":\"POST\",\"url\":\"/auth/login?email=sappporro@gmail.com&password=sapporro123\",\"status\":\"500\",\"responseTime\":\"195.369\"}","timestamp":"2025-01-26T02:55:32.815Z"}
{"level":"\u001b[32minfo\u001b[39m","message":"{\"method\":\"POST\",\"url\":\"/auth/login?email=sappporro@gmail.com&password=sapporro123\",\"status\":\"500\",\"responseTime\":\"16.267\"}","timestamp":"2025-01-26T03:00:39.561Z"}
{"level":"\u001b[32minfo\u001b[39m","message":"{\"method\":\"POST\",\"url\":\"/auth/login?email=stghoainam4002@gmail.com&password=hoainam11122004\",\"status\":\"500\",\"responseTime\":\"20.758\"}","timestamp":"2025-01-26T03:00:57.239Z"}
{"level":"\u001b[32minfo\u001b[39m","message":"{\"method\":\"POST\",\"url\":\"/auth/login?email=stghoainam4002@gmail.com&password=hoainam11122004\",\"status\":\"500\",\"responseTime\":\"25.954\"}","timestamp":"2025-01-26T03:06:10.720Z"}
{"level":"\u001b[32minfo\u001b[39m","message":"{\"method\":\"POST\",\"url\":\"/auth/login?email=stghoainam4002@gmail.com&password=hoainam11122004\",\"status\":\"500\",\"responseTime\":\"6.767\"}","timestamp":"2025-01-26T03:06:17.616Z"}
{"level":"\u001b[32minfo\u001b[39m","message":"{\"method\":\"POST\",\"url\":\"/auth/login?email=sapporro@gmail.com&password=sapporro123\",\"status\":\"400\",\"responseTime\":\"1.098\"}","timestamp":"2025-01-26T03:07:04.227Z"}
{"level":"\u001b[32minfo\u001b[39m","message":"{\"method\":\"POST\",\"url\":\"/auth/login?email=sapporro@gmail.com&password=sapporro123\",\"status\":\"400\",\"responseTime\":\"1.014\"}","timestamp":"2025-01-26T03:07:21.499Z"}
{"level":"\u001b[32minfo\u001b[39m","message":"{\"method\":\"POST\",\"url\":\"/auth/login\",\"status\":\"500\",\"responseTime\":\"8.189\"}","timestamp":"2025-01-26T03:12:56.392Z"}
{"level":"\u001b[32minfo\u001b[39m","message":"{\"method\":\"POST\",\"url\":\"/auth/login\",\"status\":\"500\",\"responseTime\":\"6.403\"}","timestamp":"2025-01-26T03:13:01.564Z"}
{"level":"\u001b[32minfo\u001b[39m","message":"{\"method\":\"POST\",\"url\":\"/auth/login\",\"status\":\"500\",\"responseTime\":\"10.733\"}","timestamp":"2025-01-26T03:13:02.762Z"}
{"level":"\u001b[32minfo\u001b[39m","message":"{\"method\":\"POST\",\"url\":\"/auth/login\",\"status\":\"500\",\"responseTime\":\"13.259\"}","timestamp":"2025-01-26T03:13:03.676Z"}
{"level":"\u001b[32minfo\u001b[39m","message":"{\"method\":\"POST\",\"url\":\"/auth/login\",\"status\":\"500\",\"responseTime\":\"20.861\"}","timestamp":"2025-01-26T03:15:53.962Z"}
{"level":"\u001b[32minfo\u001b[39m","message":"{\"method\":\"POST\",\"url\":\"/auth/login?email=sapporro@gmail.com&password=sapporro123\",\"status\":\"400\",\"responseTime\":\"3.770\"}","timestamp":"2025-01-26T03:22:23.447Z"}
{"level":"\u001b[32minfo\u001b[39m","message":"{\"method\":\"POST\",\"url\":\"/auth/login?email=sapporro@gmail.com&password=sapporro123\",\"status\":\"400\",\"responseTime\":\"1.012\"}","timestamp":"2025-01-26T03:22:43.385Z"}
{"level":"\u001b[32minfo\u001b[39m","message":"{\"method\":\"POST\",\"url\":\"/auth/login\",\"status\":\"200\",\"responseTime\":\"93.355\"}","timestamp":"2025-01-26T03:22:53.111Z"}
{"level":"\u001b[32minfo\u001b[39m","message":"{\"method\":\"POST\",\"url\":\"/auth/login\",\"status\":\"200\",\"responseTime\":\"90.031\"}","timestamp":"2025-01-26T04:08:45.189Z"}
{"level":"\u001b[32minfo\u001b[39m","message":"{\"method\":\"POST\",\"url\":\"/auth/login?email=sapporro@gmail.com&password=sapporro123\",\"status\":\"400\",\"responseTime\":\"8.512\"}","timestamp":"2025-01-26T08:26:38.288Z"}
{"level":"\u001b[32minfo\u001b[39m","message":"{\"method\":\"POST\",\"url\":\"/auth/login\",\"status\":\"200\",\"responseTime\":\"77.736\"}","timestamp":"2025-01-26T08:26:49.939Z"}
{"level":"\u001b[32minfo\u001b[39m","message":"{\"method\":\"POST\",\"url\":\"/auth/login\",\"status\":\"200\",\"responseTime\":\"48.546\"}","timestamp":"2025-01-26T08:27:45.042Z"}
{"level":"\u001b[32minfo\u001b[39m","message":"{\"method\":\"POST\",\"url\":\"/auth/login\",\"status\":\"500\",\"responseTime\":\"81.233\"}","timestamp":"2025-01-26T08:58:47.291Z"}
{"level":"\u001b[32minfo\u001b[39m","message":"{\"method\":\"POST\",\"url\":\"/auth/login\",\"status\":\"200\",\"responseTime\":\"29.332\"}","timestamp":"2025-01-26T09:01:01.487Z"}
{"level":"\u001b[32minfo\u001b[39m","message":"{\"method\":\"POST\",\"url\":\"/auth/login\",\"status\":\"200\",\"responseTime\":\"61.230\"}","timestamp":"2025-01-26T09:05:41.521Z"}
{"level":"\u001b[32minfo\u001b[39m","message":"{\"method\":\"POST\",\"url\":\"/auth/login\",\"status\":\"200\",\"responseTime\":\"25.700\"}","timestamp":"2025-01-26T09:09:22.752Z"}
{"level":"\u001b[32minfo\u001b[39m","message":"{\"method\":\"POST\",\"url\":\"/auth/login\",\"status\":\"200\",\"responseTime\":\"68.977\"}","timestamp":"2025-01-26T09:40:21.710Z"}
{"level":"\u001b[32minfo\u001b[39m","message":"{\"method\":\"POST\",\"url\":\"/auth/refresh-token%20\",\"status\":\"404\",\"responseTime\":\"2.422\"}","timestamp":"2025-01-26T09:41:57.775Z"}
{"level":"\u001b[32minfo\u001b[39m","message":"{\"method\":\"POST\",\"url\":\"/auth/refresh-token%20\",\"status\":\"404\",\"responseTime\":\"0.349\"}","timestamp":"2025-01-26T09:42:18.324Z"}
{"level":"\u001b[32minfo\u001b[39m","message":"{\"method\":\"GET\",\"url\":\"/auth/login\",\"status\":\"404\",\"responseTime\":\"1.748\"}","timestamp":"2025-01-26T09:42:43.291Z"}
{"level":"\u001b[32minfo\u001b[39m","message":"{\"method\":\"POST\",\"url\":\"/auth/login\",\"status\":\"200\",\"responseTime\":\"17.577\"}","timestamp":"2025-01-26T09:43:18.311Z"}
{"level":"\u001b[32minfo\u001b[39m","message":"{\"method\":\"POST\",\"url\":\"/auth/refresh-token%20\",\"status\":\"404\",\"responseTime\":\"0.427\"}","timestamp":"2025-01-26T09:43:32.677Z"}
{"level":"\u001b[32minfo\u001b[39m","message":"{\"method\":\"POST\",\"url\":\"/auth/refresh-token%20\",\"status\":\"404\",\"responseTime\":\"2.320\"}","timestamp":"2025-01-26T09:44:53.788Z"}
{"level":"\u001b[32minfo\u001b[39m","message":"{\"method\":\"POST\",\"url\":\"/auth/refresh-token%20\",\"status\":\"404\",\"responseTime\":\"2.710\"}","timestamp":"2025-01-26T09:47:20.230Z"}
{"level":"\u001b[32minfo\u001b[39m","message":"{\"method\":\"POST\",\"url\":\"/auth/refresh-token%20\",\"status\":\"404\",\"responseTime\":\"0.709\"}","timestamp":"2025-01-26T09:47:57.616Z"}
{"level":"\u001b[32minfo\u001b[39m","message":"{\"method\":\"POST\",\"url\":\"/auth/refresh-token%20\",\"status\":\"404\",\"responseTime\":\"4.019\"}","timestamp":"2025-01-26T09:49:46.485Z"}
{"level":"\u001b[32minfo\u001b[39m","message":"{\"method\":\"POST\",\"url\":\"/auth/refresh-token%20\",\"status\":\"404\",\"responseTime\":\"4.586\"}","timestamp":"2025-01-26T10:05:31.430Z"}
{"level":"\u001b[32minfo\u001b[39m","message":"{\"method\":\"POST\",\"url\":\"/auth/refresh-token\",\"status\":\"500\",\"responseTime\":\"21.273\"}","timestamp":"2025-01-26T10:23:06.520Z"}
{"level":"\u001b[32minfo\u001b[39m","message":"{\"method\":\"POST\",\"url\":\"/auth/login\",\"status\":\"200\",\"responseTime\":\"65.841\"}","timestamp":"2025-01-26T10:24:51.637Z"}
{"level":"\u001b[32minfo\u001b[39m","message":"{\"method\":\"POST\",\"url\":\"/auth/refresh-token\",\"status\":\"-\",\"responseTime\":\"-\"}","timestamp":"2025-01-26T10:25:06.751Z"}
{"level":"\u001b[32minfo\u001b[39m","message":"{\"method\":\"POST\",\"url\":\"/auth/refresh-token\",\"status\":\"-\",\"responseTime\":\"-\"}","timestamp":"2025-01-26T10:28:51.531Z"}
{"level":"\u001b[32minfo\u001b[39m","message":"{\"method\":\"POST\",\"url\":\"/auth/login\",\"status\":\"200\",\"responseTime\":\"286.740\"}","timestamp":"2025-01-26T14:52:29.610Z"}
{"level":"\u001b[32minfo\u001b[39m","message":"{\"method\":\"POST\",\"url\":\"/auth/refresh-token\",\"status\":\"200\",\"responseTime\":\"30.135\"}","timestamp":"2025-01-26T14:55:36.630Z"}
{"level":"\u001b[32minfo\u001b[39m","message":"{\"method\":\"POST\",\"url\":\"/auth/refresh-token\",\"status\":\"500\",\"responseTime\":\"37.384\"}","timestamp":"2025-01-26T14:56:08.371Z"}
{"level":"\u001b[32minfo\u001b[39m","message":"{\"method\":\"POST\",\"url\":\"/auth/refresh-token\",\"status\":\"200\",\"responseTime\":\"31.605\"}","timestamp":"2025-01-26T14:56:26.059Z"}
{"level":"\u001b[32minfo\u001b[39m","message":"{\"method\":\"POST\",\"url\":\"/auth/refresh-token\",\"status\":\"200\",\"responseTime\":\"56.532\"}","timestamp":"2025-01-26T14:57:13.344Z"}
{"level":"\u001b[32minfo\u001b[39m","message":"{\"method\":\"GET\",\"url\":\"/auth/users\",\"status\":\"401\",\"responseTime\":\"8.929\"}","timestamp":"2025-01-26T15:38:27.548Z"}
{"level":"\u001b[32minfo\u001b[39m","message":"{\"method\":\"POST\",\"url\":\"/auth/login\",\"status\":\"200\",\"responseTime\":\"67.070\"}","timestamp":"2025-01-26T15:39:07.784Z"}
{"level":"\u001b[32minfo\u001b[39m","message":"{\"method\":\"POST\",\"url\":\"/auth/refresh-token\",\"status\":\"401\",\"responseTime\":\"4.614\"}","timestamp":"2025-01-26T15:40:54.054Z"}
{"level":"\u001b[32minfo\u001b[39m","message":"{\"method\":\"POST\",\"url\":\"/auth/refresh-token\",\"status\":\"200\",\"responseTime\":\"23.328\"}","timestamp":"2025-01-26T15:41:38.035Z"}
